<?xml version="1.0" encoding="UTF-8"?>
<testng-results skipped="0" failed="0" total="1" passed="1">
  <reporter-output>
  </reporter-output>
  <suite name="Default suite" duration-ms="94252" started-at="2018-01-16T02:42:25Z" finished-at="2018-01-16T02:44:00Z">
    <groups>
    </groups>
    <test name="Default test" duration-ms="94252" started-at="2018-01-16T02:42:25Z" finished-at="2018-01-16T02:44:00Z">
      <class name="TestHIS.TestFormDanhSachBenhNhan">
        <test-method status="PASS" signature="testDanhSachBenhNhan_9880_3()[pri:1, instance:TestHIS.TestFormDanhSachBenhNhan@ea1a8d5]" name="testDanhSachBenhNhan_9880_3" duration-ms="94238" started-at="2018-01-16T09:42:25Z" finished-at="2018-01-16T09:44:00Z">
          <reporter-output>
          </reporter-output>
        </test-method> <!-- testDanhSachBenhNhan_9880_3 -->
      </class> <!-- TestHIS.TestFormDanhSachBenhNhan -->
    </test> <!-- Default test -->
  </suite> <!-- Default suite -->
</testng-results>
